[Thu Nov 20 12:21:12 2025] PHP 8.4.14 Development Server (http://localhost:8000) started
[Thu Nov 20 12:21:18 2025] [::1]:56142 Accepted
[Thu Nov 20 12:21:18 2025] [::1]:56143 Accepted
[Thu Nov 20 12:21:18 2025] [::1]:56142 [200]: GET /
[Thu Nov 20 12:21:18 2025] [::1]:56142 Closing
[Thu Nov 20 12:21:19 2025] [::1]:56143 [200]: GET /favicon.ico
[Thu Nov 20 12:21:19 2025] [::1]:56143 Closing
[Thu Nov 20 12:21:20 2025] [::1]:56156 Accepted
[Thu Nov 20 12:21:20 2025] [::1]:56156 [200]: GET /1.1/
[Thu Nov 20 12:21:20 2025] [::1]:56156 Closing
[Thu Nov 20 12:21:20 2025] [::1]:56157 Accepted
[Thu Nov 20 12:21:20 2025] [::1]:56157 [200]: GET /favicon.ico
[Thu Nov 20 12:21:20 2025] [::1]:56157 Closing
[Thu Nov 20 12:21:22 2025] [::1]:56166 Accepted
[Thu Nov 20 12:21:22 2025] [::1]:56167 Accepted
[Thu Nov 20 12:21:22 2025] [::1]:56166 [200]: GET /1.1/1.2/
[Thu Nov 20 12:21:22 2025] [::1]:56166 Closing
[Thu Nov 20 12:21:22 2025] [::1]:56167 [200]: GET /favicon.ico
[Thu Nov 20 12:21:22 2025] [::1]:56167 Closing
[Thu Nov 20 12:21:23 2025] [::1]:56172 Accepted
[Thu Nov 20 12:21:23 2025] [::1]:56177 Accepted
[Thu Nov 20 12:21:23 2025] [::1]:56172 [200]: GET /1.1/1.2/2.1/
[Thu Nov 20 12:21:23 2025] [::1]:56172 Closing
[Thu Nov 20 12:21:24 2025] [::1]:56177 [200]: GET /favicon.ico
[Thu Nov 20 12:21:24 2025] [::1]:56177 Closing
[Thu Nov 20 12:21:26 2025] [::1]:56186 Accepted
[Thu Nov 20 12:21:26 2025] [::1]:56187 Accepted
[Thu Nov 20 12:21:26 2025] [::1]:56186 [200]: GET /1.1/1.2/2.1/3/
[Thu Nov 20 12:21:26 2025] [::1]:56186 Closing
[Thu Nov 20 12:21:26 2025] [::1]:56187 [200]: GET /favicon.ico
[Thu Nov 20 12:21:26 2025] [::1]:56187 Closing
[Thu Nov 20 12:21:28 2025] [::1]:56197 Accepted
[Thu Nov 20 12:21:28 2025] [::1]:56198 Accepted
[Thu Nov 20 12:21:28 2025] [::1]:56197 [200]: GET /1.1/1.2/2.1/3/7.1/
[Thu Nov 20 12:21:28 2025] [::1]:56197 Closing
[Thu Nov 20 12:21:28 2025] [::1]:56198 [200]: GET /favicon.ico
[Thu Nov 20 12:21:28 2025] [::1]:56198 Closing
